[+] Algorithm: address
[+] Target source: Puzzles/1.txt
[+] Valid targets: 1 | warnings: 0
[+] Hardware: logical=4 physical=2 RAM=3.7 BB
[+] Auto-tune: profile=balanced threads=2 batch=1024
[+] Range start: 0000000000000000000000000000000000000000000000000000000000000001
[+] Range end:   0000000000000000000000000000000000000000000000000000000000000001
[+] Puzzle bits inferidos: 1
[i] Backend portatil de referencia usando 1 thread efetiva nesta fase.
[+] Checkpoint inicial salvo em address_bit1.ckp
[!] FOUND! [Puzzle #1]
    Target: Puzzles/1.txt
    Private Key Hex: 0000000000000000000000000000000000000000000000000000000000000001
    Private Key Dec: 1
    WIF Compressed: KwDiBf89QgGbjEhKnhXJuH7LrciVrZi3qYjgd9M7rFU73sVHnoWn
    WIF Uncompressed: 5HpHagT65TZzG1PH3CSu63k8DbpvD8s5ip4nEB3kEsreAnchuDf
    Public Key Compressed: 0279be667ef9dcbbac55a06295ce870b07029bfcdb2dce28d959f2815b16f81798
    Public Key Uncompressed: 0479be667ef9dcbbac55a06295ce870b07029bfcdb2dce28d959f2815b16f81798483ada7726a3c4655da4fbfc0e1108a8fd17b448a68554199c47d08ffb10d4b8
    Address Compressed: 1BgGZ9tcN4rm9KBzDn7KprQz87SZ26SAMH
    Address Uncompressed: 1EHNa6Q4Jz2uvNExL497mE43ikXhwF6kZm
    Mode: address | both
    Thread: 1
    Time: 0s
